START-OF-LOG: 2.0
CREATED-BY: Win-Test 4.28.0
CONTEST: WAG
SPECIFIC: W37
CALLSIGN: DL6MHW
CATEGORY: SINGLE-OP 80M HIGH MIXED
CLAIMED-SCORE: 332
OPERATORS: 
CLUB: Bavarian Contest Club
NAME: Michael Hoeding
ADDRESS: Ginsterweg 51
ADDRESS: 39320 Wolmirstedt
ADDRESS: Germany
SOAPBOX: 
QSO:  3537 CW 2023-03-16 1930 DL6MHW        599 XL     DK6SP         599 L     
QSO:  3537 CW 2023-03-16 1931 DL6MHW        599 XL     OK1AY         599 XXXL  
QSO:  3530 CW 2023-03-16 1932 DL6MHW        599 XL     DL8RDL        599 XXXL  
QSO:  3530 CW 2023-03-16 1932 DL6MHW        599 XL     DJ2QV         599 XXXXX 
QSO:  3530 CW 2023-03-16 1933 DL6MHW        599 XL     DF4PD         599 XXL   
QSO:  3530 CW 2023-03-16 1933 DL6MHW        599 XL     DK2OY         599 XXL   
QSO:  3526 CW 2023-03-16 1934 DL6MHW        599 XL     DL7UGN        599 5XL   
QSO:  3526 CW 2023-03-16 1935 DL6MHW        599 XL     DG7RO         599 L     
QSO:  3526 CW 2023-03-16 1935 DL6MHW        599 XL     DK5AD         599 M     
QSO:  3525 CW 2023-03-16 1936 DL6MHW        599 XL     DQ1200ASP     599 XL    
QSO:  3525 CW 2023-03-16 1937 DL6MHW        599 XL     DL4NAC        599 XXS   
QSO:  3525 CW 2023-03-16 1938 DL6MHW        599 XL     DH8BQA        599 XXL   
QSO:  3525 CW 2023-03-16 1938 DL6MHW        599 XL     DJ9MH         599 XL    
QSO:  3523 CW 2023-03-16 1939 DL6MHW        599 XL     DL1IAO        599 L     
QSO:  3523 CW 2023-03-16 1940 DL6MHW        599 XL     DL2CC         599 XS    
QSO:  3523 CW 2023-03-16 1941 DL6MHW        599 XL     DL2JRM        599 XXL   
QSO:  3521 CW 2023-03-16 1942 DL6MHW        599 XL     DL6RAI        599 XL    
QSO:  3521 CW 2023-03-16 1942 DL6MHW        599 XL     DK2FG         599 M     
QSO:  3521 CW 2023-03-16 1943 DL6MHW        599 XL     DK3YD         599 XL    
QSO:  3521 CW 2023-03-16 1944 DL6MHW        599 XL     OK1VK         599 L     
QSO:  3515 CW 2023-03-16 1945 DL6MHW        599 XL     DJ2MX         599 L     
QSO:  3515 CW 2023-03-16 1947 DL6MHW        599 XL     DL1VDL        599 L     
QSO:  3515 CW 2023-03-16 1947 DL6MHW        599 XL     DL1RTL        599 M     
QSO:  3515 CW 2023-03-16 1948 DL6MHW        599 XL     DL6KVA        599 XXL   
QSO:  3536 CW 2023-03-16 1950 DL6MHW        599 XL     DL8DYL        599 M     
QSO:  3534 CW 2023-03-16 1951 DL6MHW        599 XL     OK1IC         599 XL    
QSO:  3533 CW 2023-03-16 1952 DL6MHW        599 XL     DH7TNO        599 L     
QSO:  3533 CW 2023-03-16 1952 DL6MHW        599 XL     DJ5MW         599 XL    
QSO:  3522 CW 2023-03-16 1955 DL6MHW        599 XL     DL5LYM        599 XXL   
QSO:  3522 CW 2023-03-16 1955 DL6MHW        599 XL     DK2LO         599 M     
QSO:  3521 CW 2023-03-16 1956 DL6MHW        599 XL     OE2VEL        599 L     
QSO:  3521 CW 2023-03-16 1956 DL6MHW        599 XL     DL1NKS        599 S     
QSO:  3519 CW 2023-03-16 1958 DL6MHW        599 XL     DK6WL         599 XXL   
QSO:  3519 CW 2023-03-16 1958 DL6MHW        599 XL     DL1RNN        599 XXL   
QSO:  3518 CW 2023-03-16 1959 DL6MHW        599 XL     DL7CX         599 L     
QSO:  3518 CW 2023-03-16 1959 DL6MHW        599 XL     DL5SE         599 L     
QSO:  3616 PH 2023-03-16 2000 DL6MHW        59  XL     DL1NKS        59  S     
QSO:  3612 PH 2023-03-16 2002 DL6MHW        59  XL     DK2YL         59  M     
QSO:  3612 PH 2023-03-16 2002 DL6MHW        59  XL     DK4VW         59  L     
QSO:  3623 PH 2023-03-16 2003 DL6MHW        59  XL     OE2VEL        59  L     
QSO:  3623 PH 2023-03-16 2004 DL6MHW        59  XL     DJ9MH         59  XL    
QSO:  3620 PH 2023-03-16 2004 DL6MHW        59  XL     DK3WW         59  L     
QSO:  3620 PH 2023-03-16 2005 DL6MHW        59  XL     DL3ABL        59  L     
QSO:  3620 PH 2023-03-16 2005 DL6MHW        59  XL     DL7CX         59  L     
QSO:  3620 PH 2023-03-16 2006 DL6MHW        59  XL     DK6CQ         59  XL    
QSO:  3603 PH 2023-03-16 2008 DL6MHW        59  XL     DJ5MW         59  XL    
QSO:  3603 PH 2023-03-16 2008 DL6MHW        59  XL     DK2AT         59  XL    
QSO:  3628 PH 2023-03-16 2009 DL6MHW        59  XL     DH8BQA        59  XXL   
QSO:  3628 PH 2023-03-16 2010 DL6MHW        59  XL     DF2RG         59  XXL   
QSO:  3628 PH 2023-03-16 2010 DL6MHW        59  XL     LX1ER         59  XXL   
QSO:  3628 PH 2023-03-16 2011 DL6MHW        59  XL     DF3VM         59  L     
QSO:  3631 PH 2023-03-16 2011 DL6MHW        59  XL     DL1IAO        59  L     
QSO:  3631 PH 2023-03-16 2011 DL6MHW        59  XL     DL6RAI        59  XL    
QSO:  3615 PH 2023-03-16 2013 DL6MHW        59  XL     DK1KC         59  M     
QSO:  3615 PH 2023-03-16 2013 DL6MHW        59  XL     DL1NEO        59  L     
QSO:  3617 PH 2023-03-16 2015 DL6MHW        59  XL     DK3YD         59  XL    
QSO:  3617 PH 2023-03-16 2015 DL6MHW        59  XL     DM6DX         59  XXXL  
QSO:  3630 PH 2023-03-16 2016 DL6MHW        59  XL     DL9DRA        59  XL    
QSO:  3630 PH 2023-03-16 2016 DL6MHW        59  XL     DL4NAC        59  XXS   
QSO:  3630 PH 2023-03-16 2017 DL6MHW        59  XL     DL5XJ         59  XL    
QSO:  3630 PH 2023-03-16 2017 DL6MHW        59  XL     DK2OY         59  XXL   
QSO:  3614 PH 2023-03-16 2019 DL6MHW        59  XL     DH7TNO        59  L     
QSO:  3614 PH 2023-03-16 2019 DL6MHW        59  XL     DK6WL         59  XXL   
QSO:  3603 PH 2023-03-16 2021 DL6MHW        59  XL     DH0GHU        59  M     
QSO:  3603 PH 2023-03-16 2021 DL6MHW        59  XL     DL5LYM        59  XXL   
QSO:  3604 PH 2023-03-16 2022 DL6MHW        59  XL     DJ2QV         59  XXXXXL
QSO:  3604 PH 2023-03-16 2022 DL6MHW        59  XL     DL2JRM        59  XXL   
QSO:  3614 PH 2023-03-16 2027 DL6MHW        59  XL     DL7UGN        59  5XL   
QSO:  3632 PH 2023-03-16 2029 DL6MHW        59  XL     DJ3WE         59  XXL   
QSO:  3632 PH 2023-03-16 2029 DL6MHW        59  XL     DK2LO         59  M     
QSO:  3632 PH 2023-03-16 2029 DL6MHW        59  XL     DL8OH         59  XXL   
END-OF-LOG:
